Compile error OSX <body> I'm trying to compile a program called PEAR enter link description here and seems there is something wrong at this step.  I have Xcode installed.  Thanks for your help, Bernardo  precodeBernardos-MacBook-Pro:pear-0.9.0-src bernardo$ make /Applications/Xcode.app/Contents/Developer/usr/bin/make -C src all gcc -c -Wall -fomit-frame-pointer -O3 -lm pear-pt.c -o pear-pt.o clang: warning: -lm: 'linker' input unused gcc -c -Wall -fomit-frame-pointer -O3 -lm reader.c -o reader.o clang: warning: -lm: 'linker' input unused reader.c:670:1: warning: unused function 'do_cpuid' [-Wunused-function] do_cpuid(uint32_t selector, uint32_t *data) ^ 1 warning generated. gcc -Wall -fomit-frame-pointer -O3 -lm pear-pt.o args.o statistics.o reader.o -lm -lpthread -o pear ld: warning: ignoring file args.o, file was built for unsupported file format ( 0x7F 0x45 0x4C 0x46 0x01 0x01 0x01 0x00 0x00 0x00 0x00 0x00 0x00 0x00 0x00 0x00 ) which is not the architecture being linked (x86_64): args.o ld: warning: ignoring file statistics.o, file was built for unsupported file format ( 0x7F 0x45 0x4C 0x46 0x01 0x01 0x01 0x00 0x00 0x00 0x00 0x00 0x00 0x00 0x00 0x00 ) which is not the architecture being linked (x86_64): statistics.o Undefined symbols for architecture x86_64:   "_decode_switches", referenced from:       _main in pear-pt.o   "_stat_test2", referenced from:       _assembly_FORWARD_LONGER in pear-pt.o       _assembly_READS_EQUAL in pear-pt.o       _assembly_REVERSE_LONGER in pear-pt.o       _assembly in pear-pt.o   "_usage", referenced from:       _main in pear-pt.o ld: symbol(s) not found for architecture x86_64 clang: error: linker command failed with exit code 1 (use -v to see invocation) make[1]: *** [pear] Error 1 make: *** [all] Error 2 /code/pre  <answer135420> Try building PEAR from the latest source. The output in your question suggests you are using an older version: code0.9.0/code.  At the time of answering, PEAR's version has climbed to code0.9.3/code.  h2Building PEAR from the source/h2  precodegit clone https://github.com/xflouris/PEAR.git cd PEAR make make install /code/pre  The build instructions mention using codepython 2.4/code to run the tests. You may need to install additional versions of python.  <comment160518> Don't ask the same question on different sites in Stack Exchange  http://stackoverflow.com/questions/24286559/compile-error-osx#comment37531984_24286559 <comment160523> Cross-posting is not permitted. If you do not get the desired response on the original site, request a moderator migrate your question. <comment160569> Is not that program, is this one: http://sco.h-its.org/exelixis/web/software/pear/ <comment160577> I have updated the answer for the appropriate PEAR project. <comment160734> Great! I've been able to install PEAR using latest source. Thanks!